<?xml version="1.0" encoding="UTF-8"?>
<robot generator="Robot 6.1.1 (Python 3.11.4 on win32)" generated="20230904 16:14:07.808" rpa="false" schemaversion="4">
<suite id="s1" name="OperatingSystem" source="D:\Automação de Testes com Robot Framework - Avançado\Libraries\OperatingSystem">
<suite id="s1-s1" name="Operating System" source="D:\Automação de Testes com Robot Framework - Avançado\Libraries\OperatingSystem\operating_system.robot">
<test id="s1-s1-t1" name="Exemplo 01: Criando arquivos" line="6">
<kw name="Criando um arquivo texto">
<kw name="Create File" library="OperatingSystem">
<arg>./my_files/arquivo_TEXTO.txt</arg>
<arg>Esse curso vai me tornar um ninja em Robot Framework!!!!</arg>
<doc>Creates a file with the given content and encoding.</doc>
<msg timestamp="20230904 16:14:09.167" level="INFO" html="true">Created file '&lt;a href="file://D:\Automação de Testes com Robot Framework - Avançado\Libraries\my_files\arquivo_TEXTO.txt"&gt;D:\Automação de Testes com Robot Framework - Avançado\Libraries\my_files\arquivo_TEXTO.txt&lt;/a&gt;'.</msg>
<status status="PASS" starttime="20230904 16:14:08.273" endtime="20230904 16:14:09.167"/>
</kw>
<status status="PASS" starttime="20230904 16:14:08.272" endtime="20230904 16:14:09.168"/>
</kw>
<kw name="Criando um arquivo JSON">
<kw name="Create File" library="OperatingSystem">
<arg>./my_files/arquivo_JSON.json</arg>
<arg>{"teste01": "valor01", "teste02": 2, "teste03": [1, 2, 3]}</arg>
<doc>Creates a file with the given content and encoding.</doc>
<msg timestamp="20230904 16:14:09.340" level="INFO" html="true">Created file '&lt;a href="file://D:\Automação de Testes com Robot Framework - Avançado\Libraries\my_files\arquivo_JSON.json"&gt;D:\Automação de Testes com Robot Framework - Avançado\Libraries\my_files\arquivo_JSON.json&lt;/a&gt;'.</msg>
<status status="PASS" starttime="20230904 16:14:09.332" endtime="20230904 16:14:09.340"/>
</kw>
<status status="PASS" starttime="20230904 16:14:09.331" endtime="20230904 16:14:09.340"/>
</kw>
<status status="PASS" starttime="20230904 16:14:08.270" endtime="20230904 16:14:09.373"/>
</test>
<test id="s1-s1-t2" name="Exemplo 02: Copiando arquivos" line="10">
<kw name="Copiando meu arquivo">
<kw name="Copy File" library="OperatingSystem">
<arg>./my_files/arquivo_TEXTO.txt</arg>
<arg>./my_files/arquivo_TEXTO_COPIA.txt</arg>
<doc>Copies the source file into the destination.</doc>
<msg timestamp="20230904 16:14:09.386" level="INFO" html="true">Copied file from '&lt;a href="file://D:\Automação de Testes com Robot Framework - Avançado\Libraries\my_files\arquivo_TEXTO.txt"&gt;D:\Automação de Testes com Robot Framework - Avançado\Libraries\my_files\arquivo_TEXTO.txt&lt;/a&gt;' to '&lt;a href="file://D:\Automação de Testes com Robot Framework - Avançado\Libraries\my_files\arquivo_TEXTO_COPIA.txt"&gt;D:\Automação de Testes com Robot Framework - Avançado\Libraries\my_files\arquivo_TEXTO_COPIA.txt&lt;/a&gt;'.</msg>
<status status="PASS" starttime="20230904 16:14:09.378" endtime="20230904 16:14:09.387"/>
</kw>
<kw name="Copy File" library="OperatingSystem">
<arg>./my_files/arquivo_JSON.json</arg>
<arg>./my_files/arquivo_JSON_COPIA.json</arg>
<doc>Copies the source file into the destination.</doc>
<msg timestamp="20230904 16:14:09.395" level="INFO" html="true">Copied file from '&lt;a href="file://D:\Automação de Testes com Robot Framework - Avançado\Libraries\my_files\arquivo_JSON.json"&gt;D:\Automação de Testes com Robot Framework - Avançado\Libraries\my_files\arquivo_JSON.json&lt;/a&gt;' to '&lt;a href="file://D:\Automação de Testes com Robot Framework - Avançado\Libraries\my_files\arquivo_JSON_COPIA.json"&gt;D:\Automação de Testes com Robot Framework - Avançado\Libraries\my_files\arquivo_JSON_COPIA.json&lt;/a&gt;'.</msg>
<status status="PASS" starttime="20230904 16:14:09.387" endtime="20230904 16:14:09.395"/>
</kw>
<status status="PASS" starttime="20230904 16:14:09.377" endtime="20230904 16:14:09.396"/>
</kw>
<status status="PASS" starttime="20230904 16:14:09.376" endtime="20230904 16:14:09.435"/>
</test>
<test id="s1-s1-t3" name="Exemplo 03: Lendo meu arquivo" line="13">
<kw name="Lendo o conteúdo">
<kw name="Get File" library="OperatingSystem">
<var>${MEU_ARQUIVO}</var>
<arg>./my_files/arquivo_TEXTO.txt</arg>
<doc>Returns the contents of a specified file.</doc>
<msg timestamp="20230904 16:14:09.489" level="INFO" html="true">Getting file '&lt;a href="file://D:\Automação de Testes com Robot Framework - Avançado\Libraries\my_files\arquivo_TEXTO.txt"&gt;D:\Automação de Testes com Robot Framework - Avançado\Libraries\my_files\arquivo_TEXTO.txt&lt;/a&gt;'.</msg>
<msg timestamp="20230904 16:14:09.490" level="INFO">${MEU_ARQUIVO} = Esse curso vai me tornar um ninja em Robot Framework!!!!</msg>
<status status="PASS" starttime="20230904 16:14:09.489" endtime="20230904 16:14:09.490"/>
</kw>
<kw name="Get File Size" library="OperatingSystem">
<var>${SIZE}</var>
<arg>./my_files/arquivo_TEXTO.txt</arg>
<doc>Returns and logs file size as an integer in bytes.</doc>
<msg timestamp="20230904 16:14:09.491" level="INFO" html="true">Size of file '&lt;a href="file://D:\Automação de Testes com Robot Framework - Avançado\Libraries\my_files\arquivo_TEXTO.txt"&gt;D:\Automação de Testes com Robot Framework - Avançado\Libraries\my_files\arquivo_TEXTO.txt&lt;/a&gt;' is 56 bytes.</msg>
<msg timestamp="20230904 16:14:09.491" level="INFO">${SIZE} = 56</msg>
<status status="PASS" starttime="20230904 16:14:09.490" endtime="20230904 16:14:09.491"/>
</kw>
<kw name="Log" library="BuiltIn">
<arg>${MEU_ARQUIVO}</arg>
<doc>Logs the given message with the given level.</doc>
<msg timestamp="20230904 16:14:09.492" level="INFO">Esse curso vai me tornar um ninja em Robot Framework!!!!</msg>
<status status="PASS" starttime="20230904 16:14:09.491" endtime="20230904 16:14:09.492"/>
</kw>
<status status="PASS" starttime="20230904 16:14:09.488" endtime="20230904 16:14:09.492"/>
</kw>
<kw name="Lendo o binário">
<kw name="Should Exist" library="OperatingSystem">
<arg>./my_files/arquivo_PDF.pdf</arg>
<arg>msg=O arquivo não existe!! Verifique!</arg>
<doc>Fails unless the given path (file or directory) exists.</doc>
<msg timestamp="20230904 16:14:09.500" level="FAIL">O arquivo não existe!! Verifique!</msg>
<status status="FAIL" starttime="20230904 16:14:09.497" endtime="20230904 16:14:09.500"/>
</kw>
<kw name="Get Binary File" library="OperatingSystem">
<var>${MEU_ARQUIVO}</var>
<arg>./my_files/arquivo_PDF.pdf</arg>
<doc>Returns the contents of a specified file.</doc>
<status status="NOT RUN" starttime="20230904 16:14:09.500" endtime="20230904 16:14:09.508"/>
</kw>
<kw name="Get File Size" library="OperatingSystem">
<var>${SIZE}</var>
<arg>./my_files/arquivo_PDF.pdf</arg>
<doc>Returns and logs file size as an integer in bytes.</doc>
<status status="NOT RUN" starttime="20230904 16:14:09.509" endtime="20230904 16:14:09.509"/>
</kw>
<kw name="Log" library="BuiltIn">
<arg>${MEU_ARQUIVO}</arg>
<doc>Logs the given message with the given level.</doc>
<status status="NOT RUN" starttime="20230904 16:14:09.509" endtime="20230904 16:14:09.509"/>
</kw>
<status status="FAIL" starttime="20230904 16:14:09.494" endtime="20230904 16:14:09.522"/>
</kw>
<status status="FAIL" starttime="20230904 16:14:09.475" endtime="20230904 16:14:09.525">O arquivo não existe!! Verifique!</status>
</test>
<test id="s1-s1-t4" name="Exemplo 04: Excluindo arquivos" line="17">
<kw name="Listando arquivos do meu diretório">
<kw name="List Directory" library="OperatingSystem">
<arg>./my_files</arg>
<doc>Returns and logs items in a directory, optionally filtered with ``pattern``.</doc>
<msg timestamp="20230904 16:14:09.558" level="INFO" html="true">Listing contents of directory '&lt;a href="file://D:\Automação de Testes com Robot Framework - Avançado\Libraries\my_files"&gt;D:\Automação de Testes com Robot Framework - Avançado\Libraries\my_files&lt;/a&gt;'.</msg>
<msg timestamp="20230904 16:14:09.572" level="INFO">4 items:
arquivo_JSON.json
arquivo_JSON_COPIA.json
arquivo_TEXTO.txt
arquivo_TEXTO_COPIA.txt</msg>
<status status="PASS" starttime="20230904 16:14:09.558" endtime="20230904 16:14:09.572"/>
</kw>
<status status="PASS" starttime="20230904 16:14:09.557" endtime="20230904 16:14:09.573"/>
</kw>
<kw name="Excluir arquivo">
<arg>arquivo_TEXTO_COPIA.txt</arg>
<kw name="Remove File" library="OperatingSystem">
<arg>./my_files/${ARQUIVO}</arg>
<doc>Removes a file with the given path.</doc>
<msg timestamp="20230904 16:14:09.718" level="INFO" html="true">Removed file '&lt;a href="file://D:\Automação de Testes com Robot Framework - Avançado\Libraries\my_files\arquivo_TEXTO_COPIA.txt"&gt;D:\Automação de Testes com Robot Framework - Avançado\Libraries\my_files\arquivo_TEXTO_COPIA.txt&lt;/a&gt;'.</msg>
<status status="PASS" starttime="20230904 16:14:09.717" endtime="20230904 16:14:09.718"/>
</kw>
<status status="PASS" starttime="20230904 16:14:09.715" endtime="20230904 16:14:09.719"/>
</kw>
<kw name="Excluir arquivo">
<arg>arquivo_JSON_COPIA.json</arg>
<kw name="Remove File" library="OperatingSystem">
<arg>./my_files/${ARQUIVO}</arg>
<doc>Removes a file with the given path.</doc>
<msg timestamp="20230904 16:14:09.747" level="INFO" html="true">Removed file '&lt;a href="file://D:\Automação de Testes com Robot Framework - Avançado\Libraries\my_files\arquivo_JSON_COPIA.json"&gt;D:\Automação de Testes com Robot Framework - Avançado\Libraries\my_files\arquivo_JSON_COPIA.json&lt;/a&gt;'.</msg>
<status status="PASS" starttime="20230904 16:14:09.744" endtime="20230904 16:14:09.748"/>
</kw>
<status status="PASS" starttime="20230904 16:14:09.743" endtime="20230904 16:14:09.752"/>
</kw>
<kw name="Listando arquivos do meu diretório">
<kw name="List Directory" library="OperatingSystem">
<arg>./my_files</arg>
<doc>Returns and logs items in a directory, optionally filtered with ``pattern``.</doc>
<msg timestamp="20230904 16:14:09.771" level="INFO" html="true">Listing contents of directory '&lt;a href="file://D:\Automação de Testes com Robot Framework - Avançado\Libraries\my_files"&gt;D:\Automação de Testes com Robot Framework - Avançado\Libraries\my_files&lt;/a&gt;'.</msg>
<msg timestamp="20230904 16:14:09.771" level="INFO">2 items:
arquivo_JSON.json
arquivo_TEXTO.txt</msg>
<status status="PASS" starttime="20230904 16:14:09.770" endtime="20230904 16:14:09.771"/>
</kw>
<status status="PASS" starttime="20230904 16:14:09.769" endtime="20230904 16:14:09.772"/>
</kw>
<status status="PASS" starttime="20230904 16:14:09.531" endtime="20230904 16:14:09.780"/>
</test>
<doc>http://robotframework.org/robotframework/latest/libraries/OperatingSystem.html</doc>
<status status="FAIL" starttime="20230904 16:14:07.989" endtime="20230904 16:14:09.788"/>
</suite>
<doc>Results</doc>
<status status="FAIL" starttime="20230904 16:14:07.815" endtime="20230904 16:14:09.800"/>
</suite>
<statistics>
<total>
<stat pass="3" fail="1" skip="0">All Tests</stat>
</total>
<tag>
</tag>
<suite>
<stat pass="3" fail="1" skip="0" id="s1" name="OperatingSystem">OperatingSystem</stat>
<stat pass="3" fail="1" skip="0" id="s1-s1" name="Operating System">OperatingSystem.Operating System</stat>
</suite>
</statistics>
<errors>
</errors>
</robot>
