<?xml version="1.0" encoding="UTF-8"?>
<robot generator="Robot 6.1.1 (Python 3.11.4 on win32)" generated="20230904 16:51:29.726" rpa="false" schemaversion="4">
<suite id="s1" name="Date Time" source="d:\Automação de Testes com Robot Framework - Avançado\Libraries\datetime\datetime\date_time.robot">
<test id="s1-t1" name="Exemplo 01: Pegando data e hora atuais" line="6">
<kw name="Teste pegando data atual">
<kw name="Get Current Date" library="DateTime">
<var>${AGORA}</var>
<arg>result_format=%d-%m-%y</arg>
<doc>Returns current local or UTC time with an optional increment.</doc>
<msg timestamp="20230904 16:51:29.864" level="INFO">${AGORA} = 04-09-23</msg>
<status status="PASS" starttime="20230904 16:51:29.859" endtime="20230904 16:51:29.887"/>
</kw>
<kw name="Log" library="BuiltIn">
<arg>${AGORA}</arg>
<doc>Logs the given message with the given level.</doc>
<msg timestamp="20230904 16:51:29.889" level="INFO">04-09-23</msg>
<status status="PASS" starttime="20230904 16:51:29.887" endtime="20230904 16:51:29.890"/>
</kw>
<kw name="Log To Console" library="BuiltIn">
<arg>${AGORA}</arg>
<doc>Logs the given message to the console.</doc>
<status status="PASS" starttime="20230904 16:51:29.892" endtime="20230904 16:51:29.895"/>
</kw>
<status status="PASS" starttime="20230904 16:51:29.846" endtime="20230904 16:51:29.896"/>
</kw>
<kw name="Teste pegando data e hora atuais">
<kw name="Get Current Date" library="DateTime">
<var>${AGORA}</var>
<arg>result_format=%Y-%m-%dT%H:%M:%S</arg>
<doc>Returns current local or UTC time with an optional increment.</doc>
<msg timestamp="20230904 16:51:29.923" level="INFO">${AGORA} = 2023-09-04T16:51:29</msg>
<status status="PASS" starttime="20230904 16:51:29.921" endtime="20230904 16:51:29.923"/>
</kw>
<kw name="Log" library="BuiltIn">
<arg>${AGORA}</arg>
<doc>Logs the given message with the given level.</doc>
<msg timestamp="20230904 16:51:29.924" level="INFO">2023-09-04T16:51:29</msg>
<status status="PASS" starttime="20230904 16:51:29.924" endtime="20230904 16:51:29.925"/>
</kw>
<kw name="Log To Console" library="BuiltIn">
<arg>${AGORA}</arg>
<doc>Logs the given message to the console.</doc>
<status status="PASS" starttime="20230904 16:51:29.925" endtime="20230904 16:51:29.941"/>
</kw>
<status status="PASS" starttime="20230904 16:51:29.920" endtime="20230904 16:51:29.941"/>
</kw>
<kw name="Teste pegando ano - mês - dia separadamente">
<kw name="Get Current Date" library="DateTime">
<var>${HOJE}</var>
<doc>Returns current local or UTC time with an optional increment.</doc>
<msg timestamp="20230904 16:51:29.946" level="INFO">${HOJE} = 2023-09-04 16:51:29.946</msg>
<status status="PASS" starttime="20230904 16:51:29.945" endtime="20230904 16:51:29.948"/>
</kw>
<kw name="Convert Date" library="DateTime">
<var>${HOJE}</var>
<arg>${HOJE}</arg>
<arg>datetime</arg>
<doc>Converts between supported `date formats`.</doc>
<msg timestamp="20230904 16:51:29.987" level="INFO">${HOJE} = 2023-09-04 16:51:29.946000</msg>
<status status="PASS" starttime="20230904 16:51:29.951" endtime="20230904 16:51:29.988"/>
</kw>
<kw name="Log" library="BuiltIn">
<arg>${HOJE.day}-${HOJE.month}-${HOJE.year}</arg>
<doc>Logs the given message with the given level.</doc>
<msg timestamp="20230904 16:51:29.990" level="INFO">4-9-2023</msg>
<status status="PASS" starttime="20230904 16:51:29.988" endtime="20230904 16:51:29.991"/>
</kw>
<kw name="Log To Console" library="BuiltIn">
<arg>${HOJE.day}-${HOJE.month}-${HOJE.year}</arg>
<doc>Logs the given message to the console.</doc>
<status status="PASS" starttime="20230904 16:51:29.992" endtime="20230904 16:51:30.007"/>
</kw>
<status status="PASS" starttime="20230904 16:51:29.943" endtime="20230904 16:51:30.008"/>
</kw>
<status status="PASS" starttime="20230904 16:51:29.844" endtime="20230904 16:51:30.012"/>
</test>
<test id="s1-t2" name="Exemplo 02: Manipulando o tempo" line="11">
<kw name="Trabalhando com tempo">
<kw name="Convert Time" library="DateTime">
<var>${HORA}</var>
<arg>1 minute 30 seconds</arg>
<doc>Converts between supported `time formats`.</doc>
<msg timestamp="20230904 16:51:30.024" level="INFO">${HORA} = 90.0</msg>
<status status="PASS" starttime="20230904 16:51:30.023" endtime="20230904 16:51:30.025"/>
</kw>
<kw name="Log" library="BuiltIn">
<arg>São ${HORA} segundos em 1 minuto e 30 segundos!</arg>
<doc>Logs the given message with the given level.</doc>
<msg timestamp="20230904 16:51:30.029" level="INFO">São 90.0 segundos em 1 minuto e 30 segundos!</msg>
<status status="PASS" starttime="20230904 16:51:30.025" endtime="20230904 16:51:30.029"/>
</kw>
<kw name="Convert Time" library="DateTime">
<var>${HORA}</var>
<arg>5400</arg>
<arg>verbose</arg>
<doc>Converts between supported `time formats`.</doc>
<msg timestamp="20230904 16:51:30.031" level="INFO">${HORA} = 1 hour 30 minutes</msg>
<status status="PASS" starttime="20230904 16:51:30.029" endtime="20230904 16:51:30.039"/>
</kw>
<kw name="Log" library="BuiltIn">
<arg>5400 segundos é ${HORA}!</arg>
<doc>Logs the given message with the given level.</doc>
<msg timestamp="20230904 16:51:30.041" level="INFO">5400 segundos é 1 hour 30 minutes!</msg>
<status status="PASS" starttime="20230904 16:51:30.040" endtime="20230904 16:51:30.041"/>
</kw>
<kw name="Convert Time" library="DateTime">
<var>${HORA}</var>
<arg>5500</arg>
<arg>timer</arg>
<arg>exclude_millis=yes</arg>
<doc>Converts between supported `time formats`.</doc>
<msg timestamp="20230904 16:51:30.043" level="INFO">${HORA} = 01:31:40</msg>
<status status="PASS" starttime="20230904 16:51:30.042" endtime="20230904 16:51:30.044"/>
</kw>
<kw name="Log" library="BuiltIn">
<arg>5500 segundos é ${HORA}!</arg>
<doc>Logs the given message with the given level.</doc>
<msg timestamp="20230904 16:51:30.048" level="INFO">5500 segundos é 01:31:40!</msg>
<status status="PASS" starttime="20230904 16:51:30.045" endtime="20230904 16:51:30.048"/>
</kw>
<status status="PASS" starttime="20230904 16:51:30.022" endtime="20230904 16:51:30.052"/>
</kw>
<status status="PASS" starttime="20230904 16:51:30.021" endtime="20230904 16:51:30.062"/>
</test>
<test id="s1-t3" name="Exemplo 03: Cálculos com data" line="14">
<kw name="Adicionando tempo de data">
<kw name="Get Current Date" library="DateTime">
<var>${ANTES}</var>
<doc>Returns current local or UTC time with an optional increment.</doc>
<msg timestamp="20230904 16:51:30.077" level="INFO">${ANTES} = 2023-09-04 16:51:30.077</msg>
<status status="PASS" starttime="20230904 16:51:30.076" endtime="20230904 16:51:30.078"/>
</kw>
<kw name="Add Time To Date" library="DateTime">
<var>${DEPOIS}</var>
<arg>${ANTES}</arg>
<arg>4 hours</arg>
<arg>result_format=%d-%m-%Y %H:%M:%S</arg>
<doc>Adds time to date and returns the resulting date.</doc>
<msg timestamp="20230904 16:51:30.079" level="INFO">${DEPOIS} = 04-09-2023 20:51:30</msg>
<status status="PASS" starttime="20230904 16:51:30.078" endtime="20230904 16:51:30.080"/>
</kw>
<kw name="Log" library="BuiltIn">
<arg>Antes: ${ANTES} - Depois: ${DEPOIS}</arg>
<doc>Logs the given message with the given level.</doc>
<msg timestamp="20230904 16:51:30.086" level="INFO">Antes: 2023-09-04 16:51:30.077 - Depois: 04-09-2023 20:51:30</msg>
<status status="PASS" starttime="20230904 16:51:30.081" endtime="20230904 16:51:30.086"/>
</kw>
<kw name="Get Current Date" library="DateTime">
<var>${ANTES}</var>
<doc>Returns current local or UTC time with an optional increment.</doc>
<msg timestamp="20230904 16:51:30.087" level="INFO">${ANTES} = 2023-09-04 16:51:30.087</msg>
<status status="PASS" starttime="20230904 16:51:30.087" endtime="20230904 16:51:30.088"/>
</kw>
<kw name="Add Time To Date" library="DateTime">
<var>${DEPOIS}</var>
<arg>${ANTES}</arg>
<arg>7 days</arg>
<arg>result_format=%d-%m-%Y %H:%M:%S</arg>
<doc>Adds time to date and returns the resulting date.</doc>
<msg timestamp="20230904 16:51:30.093" level="INFO">${DEPOIS} = 11-09-2023 16:51:30</msg>
<status status="PASS" starttime="20230904 16:51:30.088" endtime="20230904 16:51:30.096"/>
</kw>
<kw name="Log" library="BuiltIn">
<arg>Antes: ${ANTES} - Depois: ${DEPOIS}</arg>
<doc>Logs the given message with the given level.</doc>
<msg timestamp="20230904 16:51:30.107" level="INFO">Antes: 2023-09-04 16:51:30.087 - Depois: 11-09-2023 16:51:30</msg>
<status status="PASS" starttime="20230904 16:51:30.106" endtime="20230904 16:51:30.108"/>
</kw>
<status status="PASS" starttime="20230904 16:51:30.075" endtime="20230904 16:51:30.108"/>
</kw>
<kw name="Subtraindo tempo de data">
<kw name="Get Current Date" library="DateTime">
<var>${ANTES}</var>
<doc>Returns current local or UTC time with an optional increment.</doc>
<msg timestamp="20230904 16:51:30.142" level="INFO">${ANTES} = 2023-09-04 16:51:30.142</msg>
<status status="PASS" starttime="20230904 16:51:30.141" endtime="20230904 16:51:30.143"/>
</kw>
<kw name="Subtract Time From Date" library="DateTime">
<var>${DEPOIS}</var>
<arg>${ANTES}</arg>
<arg>25 minutes</arg>
<arg>result_format=%d-%m-%Y %H:%M:%S</arg>
<doc>Subtracts time from date and returns the resulting date.</doc>
<msg timestamp="20230904 16:51:30.146" level="INFO">${DEPOIS} = 04-09-2023 16:26:30</msg>
<status status="PASS" starttime="20230904 16:51:30.143" endtime="20230904 16:51:30.146"/>
</kw>
<kw name="Log" library="BuiltIn">
<arg>Antes: ${ANTES} - Depois: ${DEPOIS}</arg>
<doc>Logs the given message with the given level.</doc>
<msg timestamp="20230904 16:51:30.149" level="INFO">Antes: 2023-09-04 16:51:30.142 - Depois: 04-09-2023 16:26:30</msg>
<status status="PASS" starttime="20230904 16:51:30.147" endtime="20230904 16:51:30.152"/>
</kw>
<kw name="Get Current Date" library="DateTime">
<var>${ANTES}</var>
<doc>Returns current local or UTC time with an optional increment.</doc>
<msg timestamp="20230904 16:51:30.153" level="INFO">${ANTES} = 2023-09-04 16:51:30.153</msg>
<status status="PASS" starttime="20230904 16:51:30.153" endtime="20230904 16:51:30.154"/>
</kw>
<kw name="Subtract Time From Date" library="DateTime">
<var>${DEPOIS}</var>
<arg>${ANTES}</arg>
<arg>2 days</arg>
<arg>result_format=%d-%m-%Y %H:%M:%S</arg>
<doc>Subtracts time from date and returns the resulting date.</doc>
<msg timestamp="20230904 16:51:30.155" level="INFO">${DEPOIS} = 02-09-2023 16:51:30</msg>
<status status="PASS" starttime="20230904 16:51:30.154" endtime="20230904 16:51:30.156"/>
</kw>
<kw name="Log" library="BuiltIn">
<arg>Antes: ${ANTES} - Depois: ${DEPOIS}</arg>
<doc>Logs the given message with the given level.</doc>
<msg timestamp="20230904 16:51:30.157" level="INFO">Antes: 2023-09-04 16:51:30.153 - Depois: 02-09-2023 16:51:30</msg>
<status status="PASS" starttime="20230904 16:51:30.156" endtime="20230904 16:51:30.157"/>
</kw>
<status status="PASS" starttime="20230904 16:51:30.140" endtime="20230904 16:51:30.158"/>
</kw>
<status status="PASS" starttime="20230904 16:51:30.074" endtime="20230904 16:51:30.171"/>
</test>
<doc>http://robotframework.org/robotframework/latest/libraries/DateTime.html</doc>
<status status="PASS" starttime="20230904 16:51:29.751" endtime="20230904 16:51:30.189"/>
</suite>
<statistics>
<total>
<stat pass="3" fail="0" skip="0">All Tests</stat>
</total>
<tag>
</tag>
<suite>
<stat pass="3" fail="0" skip="0" id="s1" name="Date Time">Date Time</stat>
</suite>
</statistics>
<errors>
</errors>
</robot>
